ERROR - 2021-10-22 11:27:25 --> You have an error in your SQL syntax; check the manual that corresponds to your MariaDB server version for the right syntax to use near 'NULL,
	`cuil` VARCHAR(11) NOT NULL,
	`celular` VARCHAR(13) NULL,
	`nombre_empren' at line 7
ERROR - 2021-10-22 11:46:49 --> You have an error in your SQL syntax; check the manual that corresponds to your MariaDB server version for the right syntax to use near 'NOT NULL,
	`cuil` VARCHAR(11) NOT NULL,
	`celular` VARCHAR(13) NOT NULL,
	`nombr' at line 7
ERROR - 2021-10-22 11:48:19 --> You have an error in your SQL syntax; check the manual that corresponds to your MariaDB server version for the right syntax to use near 'NOT NULL,
	`cuil` VARCHAR(11) NULL,
	`celular` VARCHAR(13) NULL,
	`nombre_empren' at line 7
ERROR - 2021-10-22 11:48:39 --> You have an error in your SQL syntax; check the manual that corresponds to your MariaDB server version for the right syntax to use near 'NOT NULL,
	`cuil` VARCHAR(11) NULL,
	`celular` VARCHAR(13) NULL,
	`nombre_empren' at line 7
ERROR - 2021-10-22 11:48:59 --> You have an error in your SQL syntax; check the manual that corresponds to your MariaDB server version for the right syntax to use near 'NOT NULL,
	`cuil` TEXT(11) NULL,
	`celular` VARCHAR(13) NULL,
	`nombre_emprendim' at line 7
ERROR - 2021-10-22 11:50:05 --> Can't create table `feria-comahue`.`t_usuarios` (errno: 150 "Foreign key constraint is incorrectly formed")
ERROR - 2021-10-22 11:53:14 --> Can't create table `feria-comahue`.`t_usuarios` (errno: 150 "Foreign key constraint is incorrectly formed")
ERROR - 2021-10-22 11:54:39 --> Can't create table `feria-comahue`.`t_usuarios` (errno: 150 "Foreign key constraint is incorrectly formed")
ERROR - 2021-10-22 11:55:31 --> Can't create table `feria-comahue`.`t_usuarios` (errno: 150 "Foreign key constraint is incorrectly formed")
ERROR - 2021-10-22 11:55:40 --> Can't create table `feria-comahue`.`t_usuarios` (errno: 150 "Foreign key constraint is incorrectly formed")
ERROR - 2021-10-22 11:58:12 --> Can't create table `feria-comahue`.`t_usuarios` (errno: 150 "Foreign key constraint is incorrectly formed")
ERROR - 2021-10-22 11:58:43 --> Can't create table `feria-comahue`.`t_usuarios` (errno: 150 "Foreign key constraint is incorrectly formed")
ERROR - 2021-10-22 12:01:49 --> Can't create table `feria-comahue`.`t_usuarios` (errno: 150 "Foreign key constraint is incorrectly formed")
ERROR - 2021-10-22 12:03:48 --> Can't create table `feria-comahue`.`t_domicilios` (errno: 150 "Foreign key constraint is incorrectly formed")
ERROR - 2021-10-22 12:05:12 --> Can't create table `feria-comahue`.`t_roles` (errno: 150 "Foreign key constraint is incorrectly formed")
ERROR - 2021-10-22 12:06:45 --> Can't create table `feria-comahue`.`t_roles` (errno: 150 "Foreign key constraint is incorrectly formed")
ERROR - 2021-10-22 12:07:42 --> Can't create table `feria-comahue`.`t_usuarios_roles` (errno: 150 "Foreign key constraint is incorrectly formed")
ERROR - 2021-10-22 12:08:55 --> Can't create table `feria-comahue`.`t_roles_permisos` (errno: 150 "Foreign key constraint is incorrectly formed")
ERROR - 2021-10-22 12:09:32 --> You have an error in your SQL syntax; check the manual that corresponds to your MariaDB server version for the right syntax to use near 'UNSIGNED NOT NULL,
	CONSTRAINT `pk_t_permisos` PRIMARY KEY(`id_permiso`)
) DEFAU' at line 3
ERROR - 2021-10-22 12:10:38 --> You have an error in your SQL syntax; check the manual that corresponds to your MariaDB server version for the right syntax to use near 'UNSIGNED NOT NULL,
	CONSTRAINT `pk_t_permisos` PRIMARY KEY(`id_permiso`)
) DEFAU' at line 3
ERROR - 2021-10-22 12:12:55 --> You have an error in your SQL syntax; check the manual that corresponds to your MariaDB server version for the right syntax to use near 'UNSIGNED NOT NULL,
	CONSTRAINT `pk_t_permisos` PRIMARY KEY(`id_permiso`)
) DEFAU' at line 3
ERROR - 2021-10-22 12:15:13 --> You have an error in your SQL syntax; check the manual that corresponds to your MariaDB server version for the right syntax to use near 'NOT NULL,
	CONSTRAINT `pk_t_permisos` PRIMARY KEY(`id_permiso`)
) DEFAULT CHARAC' at line 3
ERROR - 2021-10-22 12:15:25 --> You have an error in your SQL syntax; check the manual that corresponds to your MariaDB server version for the right syntax to use near 'NOT NULL,
	CONSTRAINT `pk_t_permisos` PRIMARY KEY(`id_permiso`)
) DEFAULT CHARAC' at line 3
ERROR - 2021-10-22 12:15:57 --> You have an error in your SQL syntax; check the manual that corresponds to your MariaDB server version for the right syntax to use near 'NOT NULL,
	CONSTRAINT `pk_t_permisos` PRIMARY KEY(`id_permiso`)
) DEFAULT CHARAC' at line 3
ERROR - 2021-10-22 12:17:42 --> You have an error in your SQL syntax; check the manual that corresponds to your MariaDB server version for the right syntax to use near 'NOT NULL,
	CONSTRAINT `pk_t_permisos` PRIMARY KEY(`id_permiso`)
) DEFAULT CHARAC' at line 3
ERROR - 2021-10-22 14:49:51 --> You have an error in your SQL syntax; check the manual that corresponds to your MariaDB server version for the right syntax to use near 'NOT NULL,
	CONSTRAINT `pk_t_permisos` PRIMARY KEY(`id_permiso`)
) DEFAULT CHARAC' at line 3
ERROR - 2021-10-22 14:52:05 --> You have an error in your SQL syntax; check the manual that corresponds to your MariaDB server version for the right syntax to use near 'UNSIGNED NOT NULL,
	`descripcion` TEXT UNSIGNED NOT NULL,
	CONSTRAINT `pk_t_esta' at line 3
ERROR - 2021-10-22 14:52:24 --> You have an error in your SQL syntax; check the manual that corresponds to your MariaDB server version for the right syntax to use near 'UNSIGNED NOT NULL,
	`descripcion` TEXT NOT NULL,
	CONSTRAINT `pk_t_estados` PRIM' at line 3
ERROR - 2021-10-22 14:52:39 --> Can't create table `feria-comahue`.`t_estados` (errno: 150 "Foreign key constraint is incorrectly formed")
ERROR - 2021-10-22 14:53:13 --> You have an error in your SQL syntax; check the manual that corresponds to your MariaDB server version for the right syntax to use near 'UNSIGNED NOT NULL,
	`id_carrito` INT UNSIGNED NOT NULL,
	`id_metodo_pago` INT UN' at line 4
ERROR - 2021-10-22 14:54:24 --> You have an error in your SQL syntax; check the manual that corresponds to your MariaDB server version for the right syntax to use near 'UNSIGNED NOT NULL,
	`id_carrito` INT NOT NULL,
	`id_metodo_pago` INT UNSIGNED NO' at line 4
ERROR - 2021-10-22 14:54:36 --> Can't create table `feria-comahue`.`t_pedidos` (errno: 150 "Foreign key constraint is incorrectly formed")
ERROR - 2021-10-22 14:55:43 --> You have an error in your SQL syntax; check the manual that corresponds to your MariaDB server version for the right syntax to use near 'NULL,
	CONSTRAINT `pk_t_metodos_envios` PRIMARY KEY(`id_metodo_pago`)
) DEFAULT ' at line 3
ERROR - 2021-10-22 14:56:40 --> You have an error in your SQL syntax; check the manual that corresponds to your MariaDB server version for the right syntax to use near 'NULL,
	CONSTRAINT `pk_t_metodos_envios` PRIMARY KEY(`id_metodo_pago`)
) DEFAULT ' at line 3
ERROR - 2021-10-22 14:57:17 --> You have an error in your SQL syntax; check the manual that corresponds to your MariaDB server version for the right syntax to use near 'NULL,
	CONSTRAINT `pk_t_metodos_pagos` PRIMARY KEY(`id_metodo_pago`)
) DEFAULT C' at line 3
ERROR - 2021-10-22 14:58:15 --> You have an error in your SQL syntax; check the manual that corresponds to your MariaDB server version for the right syntax to use near 'NULL,
	CONSTRAINT `pk_t_metodos_pagos` PRIMARY KEY(`id_metodo_pago`)
) DEFAULT C' at line 3
ERROR - 2021-10-22 14:58:36 --> You have an error in your SQL syntax; check the manual that corresponds to your MariaDB server version for the right syntax to use near 'NULL,
	CONSTRAINT `pk_t_metodos_pagos` PRIMARY KEY(`id_metodo_pago`)
) DEFAULT C' at line 3
ERROR - 2021-10-22 14:58:51 --> You have an error in your SQL syntax; check the manual that corresponds to your MariaDB server version for the right syntax to use near 'NOT NULL,
	CONSTRAINT `pk_t_metodos_pagos` PRIMARY KEY(`id_metodo_pago`)
) DEFAU' at line 3
ERROR - 2021-10-22 14:58:59 --> You have an error in your SQL syntax; check the manual that corresponds to your MariaDB server version for the right syntax to use near 'NULL,
	CONSTRAINT `pk_t_metodos_pagos` PRIMARY KEY(`id_metodo_pago`)
) DEFAULT C' at line 3
ERROR - 2021-10-22 14:59:20 --> You have an error in your SQL syntax; check the manual that corresponds to your MariaDB server version for the right syntax to use near 'NULL,
	CONSTRAINT `pk_t_metodos_pagos` PRIMARY KEY(`id_metodo_pago`)
) DEFAULT C' at line 3
ERROR - 2021-10-22 15:02:31 --> You have an error in your SQL syntax; check the manual that corresponds to your MariaDB server version for the right syntax to use near 'NULL,
	CONSTRAINT `pk_t_categorias` PRIMARY KEY(`id_categoria`)
) DEFAULT CHARAC' at line 3
ERROR - 2021-10-22 15:03:18 --> You have an error in your SQL syntax; check the manual that corresponds to your MariaDB server version for the right syntax to use near 'NULL,
	CONSTRAINT `pk_t_categorias` PRIMARY KEY(`id_categoria`)
) DEFAULT CHARAC' at line 3
ERROR - 2021-10-22 15:03:32 --> You have an error in your SQL syntax; check the manual that corresponds to your MariaDB server version for the right syntax to use near 'NULL,
	CONSTRAINT `pk_t_categorias` PRIMARY KEY(`id_categoria`)
) DEFAULT CHARAC' at line 3
ERROR - 2021-10-22 15:03:48 --> You have an error in your SQL syntax; check the manual that corresponds to your MariaDB server version for the right syntax to use near 'NULL,
	CONSTRAINT `pk_t_categorias` PRIMARY KEY(`id_categoria`)
) DEFAULT CHARAC' at line 3
ERROR - 2021-10-22 15:04:12 --> You have an error in your SQL syntax; check the manual that corresponds to your MariaDB server version for the right syntax to use near 'NOT NULL,
	CONSTRAINT `pk_t_categorias` PRIMARY KEY(`id_categoria`)
) DEFAULT CH' at line 3
ERROR - 2021-10-22 15:04:26 --> You have an error in your SQL syntax; check the manual that corresponds to your MariaDB server version for the right syntax to use near 'NOT NULL,
	CONSTRAINT `pk_t_categorias` PRIMARY KEY(`id_categoria`)
) DEFAULT CH' at line 3
ERROR - 2021-10-22 15:05:44 --> You have an error in your SQL syntax; check the manual that corresponds to your MariaDB server version for the right syntax to use near 'NULL,
	CONSTRAINT `pk_t_categorias` PRIMARY KEY(`id_categoria`)
) DEFAULT CHARAC' at line 3
ERROR - 2021-10-22 15:06:45 --> You have an error in your SQL syntax; check the manual that corresponds to your MariaDB server version for the right syntax to use near 'NOT NULL,
	CONSTRAINT `pk_t_categorias` PRIMARY KEY(`id_categoria`)
) DEFAULT CH' at line 3
ERROR - 2021-10-22 15:07:16 --> You have an error in your SQL syntax; check the manual that corresponds to your MariaDB server version for the right syntax to use near 'NOT NULL,
	CONSTRAINT `pk_t_categorias` PRIMARY KEY(`id_categoria`)
) DEFAULT CH' at line 3
ERROR - 2021-10-22 15:07:36 --> You have an error in your SQL syntax; check the manual that corresponds to your MariaDB server version for the right syntax to use near 'NOT NULL,
	CONSTRAINT `pk_t_categorias` PRIMARY KEY(`id_categoria`)
) DEFAULT CH' at line 3
ERROR - 2021-10-22 15:08:01 --> You have an error in your SQL syntax; check the manual that corresponds to your MariaDB server version for the right syntax to use near 'NULL,
	CONSTRAINT `pk_t_categorias` PRIMARY KEY(`id_categoria`)
) DEFAULT CHARAC' at line 3
ERROR - 2021-10-22 15:08:07 --> You have an error in your SQL syntax; check the manual that corresponds to your MariaDB server version for the right syntax to use near 'NULL,
	CONSTRAINT `pk_t_categorias` PRIMARY KEY(`id_categoria`)
) DEFAULT CHARAC' at line 3
ERROR - 2021-10-22 15:10:28 --> You have an error in your SQL syntax; check the manual that corresponds to your MariaDB server version for the right syntax to use near 'NOT NULL,
	`url_imagen_2` VARCHAR NOT NULL,
	`url_imagen_3` VARCHAR NOT NULL,
	`' at line 8
ERROR - 2021-10-22 15:11:07 --> Can't create table `feria-comahue`.`t_productos_carritos` (errno: 150 "Foreign key constraint is incorrectly formed")
ERROR - 2021-10-22 15:12:05 --> Can't create table `feria-comahue`.`t_carritos` (errno: 150 "Foreign key constraint is incorrectly formed")
ERROR - 2021-10-22 15:12:51 --> You have an error in your SQL syntax; check the manual that corresponds to your MariaDB server version for the right syntax to use near '(120) NULL,
	`hora_inicio` TIME NULL,
	`hora_fin` TIME NULL,
	`url_imagen_portad' at line 6
ERROR - 2021-10-22 15:13:33 --> Can't create table `feria-comahue`.`t_eventos_calendarios` (errno: 150 "Foreign key constraint is incorrectly formed")
ERROR - 2021-10-22 15:14:13 --> Can't create table `feria-comahue`.`t_usuarios` (errno: 150 "Foreign key constraint is incorrectly formed")
ERROR - 2021-10-22 15:14:46 --> Can't create table `feria-comahue`.`t_domicilios` (errno: 150 "Foreign key constraint is incorrectly formed")
ERROR - 2021-10-22 15:15:20 --> Can't create table `feria-comahue`.`t_domicilios` (errno: 150 "Foreign key constraint is incorrectly formed")
ERROR - 2021-10-22 15:15:48 --> Can't create table `feria-comahue`.`t_usuarios_roles` (errno: 150 "Foreign key constraint is incorrectly formed")
ERROR - 2021-10-22 15:17:01 --> Can't create table `feria-comahue`.`t_usuarios_roles` (errno: 150 "Foreign key constraint is incorrectly formed")
ERROR - 2021-10-22 15:17:19 --> Can't create table `feria-comahue`.`t_usuarios_roles` (errno: 150 "Foreign key constraint is incorrectly formed")
ERROR - 2021-10-22 15:18:43 --> Can't create table `feria-comahue`.`t_estados` (errno: 150 "Foreign key constraint is incorrectly formed")
ERROR - 2021-10-22 15:19:16 --> Can't create table `feria-comahue`.`t_pedidos` (errno: 150 "Foreign key constraint is incorrectly formed")
ERROR - 2021-10-22 15:20:06 --> You have an error in your SQL syntax; check the manual that corresponds to your MariaDB server version for the right syntax to use near 'NULL,
	CONSTRAINT `pk_t_metodos_pagos` PRIMARY KEY(`id_metodo_pago`),
	CONSTRAIN' at line 3
ERROR - 2021-10-22 15:22:13 --> You have an error in your SQL syntax; check the manual that corresponds to your MariaDB server version for the right syntax to use near 'NULL,
	CONSTRAINT `pk_t_metodos_pagos` PRIMARY KEY(`id_metodo_pago`),
	CONSTRAIN' at line 3
ERROR - 2021-10-22 15:22:27 --> Can't create table `feria-comahue`.`t_metodos_pagos` (errno: 150 "Foreign key constraint is incorrectly formed")
ERROR - 2021-10-22 15:22:54 --> Can't create table `feria-comahue`.`t_metodos_pagos` (errno: 150 "Foreign key constraint is incorrectly formed")
ERROR - 2021-10-22 15:23:42 --> Incorrect table definition; there can be only one auto column and it must be defined as a key
ERROR - 2021-10-22 15:24:31 --> Incorrect table definition; there can be only one auto column and it must be defined as a key
ERROR - 2021-10-22 15:27:06 --> Can't create table `feria-comahue`.`t_eventos_calendarios` (errno: 150 "Foreign key constraint is incorrectly formed")
ERROR - 2021-10-22 15:27:45 --> Can't create table `feria-comahue`.`t_usuarios` (errno: 150 "Foreign key constraint is incorrectly formed")
ERROR - 2021-10-22 15:28:34 --> Can't create table `feria-comahue`.`t_domicilios` (errno: 150 "Foreign key constraint is incorrectly formed")
ERROR - 2021-10-22 15:31:41 --> Can't create table `feria-comahue`.`t_usuarios_roles` (errno: 150 "Foreign key constraint is incorrectly formed")
ERROR - 2021-10-22 15:32:18 --> Can't create table `feria-comahue`.`t_estados` (errno: 150 "Foreign key constraint is incorrectly formed")
ERROR - 2021-10-22 15:32:41 --> Can't create table `feria-comahue`.`t_pedidos` (errno: 150 "Foreign key constraint is incorrectly formed")
ERROR - 2021-10-22 15:34:15 --> Can't create table `feria-comahue`.`t_pedidos` (errno: 150 "Foreign key constraint is incorrectly formed")
ERROR - 2021-10-22 15:34:43 --> Can't create table `feria-comahue`.`t_metodos_pagos` (errno: 150 "Foreign key constraint is incorrectly formed")
ERROR - 2021-10-22 15:34:59 --> You have an error in your SQL syntax; check the manual that corresponds to your MariaDB server version for the right syntax to use near 'NULL,
	CONSTRAINT `pk_t_metodos_envios` PRIMARY KEY(`id_metodo_envio`),
	CONSTRA' at line 3
ERROR - 2021-10-22 15:35:09 --> You have an error in your SQL syntax; check the manual that corresponds to your MariaDB server version for the right syntax to use near 'NULL,
	CONSTRAINT `pk_t_metodos_envios` PRIMARY KEY(`id_metodo_envio`)
) DEFAULT' at line 3
ERROR - 2021-10-22 15:35:23 --> You have an error in your SQL syntax; check the manual that corresponds to your MariaDB server version for the right syntax to use near 'NOT NULL,
	CONSTRAINT `pk_t_metodos_envios` PRIMARY KEY(`id_metodo_envio`)
) DEF' at line 3
ERROR - 2021-10-22 15:35:35 --> Can't create table `feria-comahue`.`t_carritos` (errno: 150 "Foreign key constraint is incorrectly formed")
ERROR - 2021-10-22 15:37:53 --> Can't create table `feria-comahue`.`t_carritos` (errno: 150 "Foreign key constraint is incorrectly formed")
ERROR - 2021-10-22 15:39:00 --> Can't create table `feria-comahue`.`t_eventos_calendarios` (errno: 150 "Foreign key constraint is incorrectly formed")
ERROR - 2021-10-22 15:39:26 --> Can't create table `feria-comahue`.`t_estados` (errno: 150 "Foreign key constraint is incorrectly formed")
ERROR - 2021-10-22 15:39:49 --> Can't create table `feria-comahue`.`t_estados` (errno: 150 "Foreign key constraint is incorrectly formed")
ERROR - 2021-10-22 15:40:52 --> Can't create table `feria-comahue`.`t_estados` (errno: 150 "Foreign key constraint is incorrectly formed")
ERROR - 2021-10-22 15:41:31 --> Can't create table `feria-comahue`.`t_estados` (errno: 150 "Foreign key constraint is incorrectly formed")
ERROR - 2021-10-22 15:42:48 --> Can't create table `feria-comahue`.`t_estados` (errno: 150 "Foreign key constraint is incorrectly formed")
ERROR - 2021-10-22 15:43:23 --> Can't create table `feria-comahue`.`t_estados` (errno: 150 "Foreign key constraint is incorrectly formed")
ERROR - 2021-10-22 15:47:21 --> Can't create table `feria-comahue`.`t_productos_carritos` (errno: 150 "Foreign key constraint is incorrectly formed")
ERROR - 2021-10-22 15:48:08 --> Can't create table `feria-comahue`.`t_productos_carritos` (errno: 150 "Foreign key constraint is incorrectly formed")
CRITICAL - 2021-10-22 22:33:31 --> Cannot declare class App\Database\Seeds\Usuario, because the name is already in use
#0 [internal function]: CodeIgniter\Debug\Exceptions->shutdownHandler()
#1 {main}
ERROR - 2021-10-22 23:04:28 --> Cannot add or update a child row: a foreign key constraint fails (`feria-comahue`.`t_usuarios`, CONSTRAINT `t_usuarios_id_domicilio_foreign` FOREIGN KEY (`id_domicilio`) REFERENCES `t_domicilios` (`id_domicilio`))
ERROR - 2021-10-22 23:05:05 --> Cannot add or update a child row: a foreign key constraint fails (`feria-comahue`.`t_usuarios`, CONSTRAINT `t_usuarios_id_domicilio_foreign` FOREIGN KEY (`id_domicilio`) REFERENCES `t_domicilios` (`id_domicilio`))
ERROR - 2021-10-22 23:18:58 --> Unknown column 'provincia' in 'field list'
ERROR - 2021-10-22 23:24:06 --> Unknown column 'rol1' in 'field list'
ERROR - 2021-10-22 23:26:18 --> Cannot add or update a child row: a foreign key constraint fails (`feria-comahue`.`t_usuarios`, CONSTRAINT `t_usuarios_id_domicilio_foreign` FOREIGN KEY (`id_domicilio`) REFERENCES `t_domicilios` (`id_domicilio`))
ERROR - 2021-10-22 23:51:14 --> Cannot add or update a child row: a foreign key constraint fails (`feria-comahue`.`t_usuarios`, CONSTRAINT `t_usuarios_id_rol_foreign` FOREIGN KEY (`id_rol`) REFERENCES `t_roles` (`id_rol`))
